Performing C SOURCE FILE Test CMAKE_HAVE_LIBC_PTHREAD failed with the following output:
Change Dir: /home/aluno/Downloads/Prova3-Questao2 (2)/cmake-build-debug/CMakeFiles/CMakeTmp

Run Build Command(s):/usr/bin/make cmTC_dd997/fast && /usr/bin/make -f CMakeFiles/cmTC_dd997.dir/build.make CMakeFiles/cmTC_dd997.dir/build
make[1]: Entering directory '/home/aluno/Downloads/Prova3-Questao2 (2)/cmake-build-debug/CMakeFiles/CMakeTmp'
Building C object CMakeFiles/cmTC_dd997.dir/src.c.o
/usr/bin/cc   -DCMAKE_HAVE_LIBC_PTHREAD   -o CMakeFiles/cmTC_dd997.dir/src.c.o   -c "/home/aluno/Downloads/Prova3-Questao2 (2)/cmake-build-debug/CMakeFiles/CMakeTmp/src.c"
Linking C executable cmTC_dd997
/snap/clion/98/bin/cmake/linux/bin/cmake -E cmake_link_script CMakeFiles/cmTC_dd997.dir/link.txt --verbose=1
/usr/bin/cc  -DCMAKE_HAVE_LIBC_PTHREAD    -rdynamic CMakeFiles/cmTC_dd997.dir/src.c.o  -o cmTC_dd997 
CMakeFiles/cmTC_dd997.dir/src.c.o: In function `main':
src.c:(.text+0x2f): undefined reference to `pthread_create'
src.c:(.text+0x3b): undefined reference to `pthread_detach'
src.c:(.text+0x4c): undefined reference to `pthread_join'
src.c:(.text+0x60): undefined reference to `pthread_atfork'
collect2: error: ld returned 1 exit status
CMakeFiles/cmTC_dd997.dir/build.make:86: recipe for target 'cmTC_dd997' failed
make[1]: *** [cmTC_dd997] Error 1
make[1]: Leaving directory '/home/aluno/Downloads/Prova3-Questao2 (2)/cmake-build-debug/CMakeFiles/CMakeTmp'
Makefile:121: recipe for target 'cmTC_dd997/fast' failed
make: *** [cmTC_dd997/fast] Error 2


Source file was:
#include <pthread.h>

void* test_func(void* data)
{
  return data;
}

int main(void)
{
  pthread_t thread;
  pthread_create(&thread, NULL, test_func, NULL);
  pthread_detach(thread);
  pthread_join(thread, NULL);
  pthread_atfork(NULL, NULL, NULL);
  pthread_exit(NULL);

  return 0;
}

Determining if the function pthread_create exists in the pthreads failed with the following output:
Change Dir: /home/aluno/Downloads/Prova3-Questao2 (2)/cmake-build-debug/CMakeFiles/CMakeTmp

Run Build Command(s):/usr/bin/make cmTC_ea1d0/fast && /usr/bin/make -f CMakeFiles/cmTC_ea1d0.dir/build.make CMakeFiles/cmTC_ea1d0.dir/build
make[1]: Entering directory '/home/aluno/Downloads/Prova3-Questao2 (2)/cmake-build-debug/CMakeFiles/CMakeTmp'
Building C object CMakeFiles/cmTC_ea1d0.dir/CheckFunctionExists.c.o
/usr/bin/cc   -DCHECK_FUNCTION_EXISTS=pthread_create   -o CMakeFiles/cmTC_ea1d0.dir/CheckFunctionExists.c.o   -c /snap/clion/98/bin/cmake/linux/share/cmake-3.15/Modules/CheckFunctionExists.c
Linking C executable cmTC_ea1d0
/snap/clion/98/bin/cmake/linux/bin/cmake -E cmake_link_script CMakeFiles/cmTC_ea1d0.dir/link.txt --verbose=1
/usr/bin/cc  -DCHECK_FUNCTION_EXISTS=pthread_create    -rdynamic CMakeFiles/cmTC_ea1d0.dir/CheckFunctionExists.c.o  -o cmTC_ea1d0 -lpthreads 
/usr/bin/ld: cannot find -lpthreads
collect2: error: ld returned 1 exit status
CMakeFiles/cmTC_ea1d0.dir/build.make:86: recipe for target 'cmTC_ea1d0' failed
make[1]: *** [cmTC_ea1d0] Error 1
make[1]: Leaving directory '/home/aluno/Downloads/Prova3-Questao2 (2)/cmake-build-debug/CMakeFiles/CMakeTmp'
Makefile:121: recipe for target 'cmTC_ea1d0/fast' failed
make: *** [cmTC_ea1d0/fast] Error 2



